serviceLibrary/build/intermediates/manifest_merge_blame_file/debug/manifest-merger-blame-debug-report.txt
1<?xml version="1.0" encoding="utf-8"?>
2<manifest xmlns:android="http://schemas.android.com/apk/res/android"
3    package="org.eclipse.paho.android.service" >
4
5    <uses-sdk
6        android:minSdkVersion="21"
6-->src\main\AndroidManifest.xml
7        android:targetSdkVersion="32" />
7-->src\main\AndroidManifest.xml
8
9    <uses-permission android:name="android.permission.ACCESS_NETWORK_STATE" />
9-->src\main\AndroidManifest.xml:4:5-79
9-->src\main\AndroidManifest.xml:4:22-76
10    <uses-permission android:name="android.permission.INTERNET" />
10-->src\main\AndroidManifest.xml:5:5-67
10-->src\main\AndroidManifest.xml:5:22-64
11    <uses-permission android:name="android.permission.SCHEDULE_EXACT_ALARM" />
11-->src\main\AndroidManifest.xml:6:5-79
11-->src\main\AndroidManifest.xml:6:22-76
12    <uses-permission android:name="android.permission.WAKE_LOCK" />
12-->src\main\AndroidManifest.xml:7:5-67
12-->src\main\AndroidManifest.xml:7:22-65
13
14    <application>
14-->src\main\AndroidManifest.xml:9:5-13:19
15        <service android:name="info.mqtt.android.service.MqttService" />
15-->src\main\AndroidManifest.xml:11:9-73
15-->src\main\AndroidManifest.xml:11:18-70
16    </application>
17
18</manifest>